2024-11-20 23:11:48 0 [Note] Starting MariaDB 10.4.32-MariaDB source revision c4143f909528e3fab0677a28631d10389354c491 as process 7280
2024-11-20 23:11:48 0 [Note] InnoDB: Mutexes and rw_locks use Windows interlocked functions
2024-11-20 23:11:48 0 [Note] InnoDB: Uses event mutexes
2024-11-20 23:11:48 0 [Note] InnoDB: Compressed tables use zlib 1.3
2024-11-20 23:11:48 0 [Note] InnoDB: Number of pools: 1
2024-11-20 23:11:48 0 [Note] InnoDB: Using SSE2 crc32 instructions
2024-11-20 23:11:48 0 [Note] InnoDB: Initializing buffer pool, total size = 16M, instances = 1, chunk size = 16M
2024-11-20 23:11:48 0 [Note] InnoDB: Completed initialization of buffer pool
2024-11-20 23:11:48 0 [Note] InnoDB: Starting crash recovery from checkpoint LSN=300288
2024-11-20 23:11:48 0 [Note] InnoDB: 128 out of 128 rollback segments are active.
2024-11-20 23:11:48 0 [Note] InnoDB: Removed temporary tablespace data file: "ibtmp1"
2024-11-20 23:11:48 0 [Note] InnoDB: Creating shared tablespace for temporary tables
2024-11-20 23:11:48 0 [Note] InnoDB: Setting file 'C:\xampp1\mysql\data\ibtmp1' size to 12 MB. Physically writing the file full; Please wait ...
2024-11-20 23:11:48 0 [Note] InnoDB: File 'C:\xampp1\mysql\data\ibtmp1' size is now 12 MB.
2024-11-20 23:11:48 0 [Note] InnoDB: Waiting for purge to start
2024-11-20 23:11:49 0 [Note] InnoDB: 10.4.32 started; log sequence number 300297; transaction id 170
2024-11-20 23:11:49 0 [Note] InnoDB: Loading buffer pool(s) from C:\xampp1\mysql\data\ib_buffer_pool
2024-11-20 23:11:49 0 [Note] Plugin 'FEEDBACK' is disabled.
2024-11-20 23:11:49 0 [Note] Server socket created on IP: '::'.
2024-11-20 23:11:49 0 [Note] InnoDB:2024-11-20 23:16:55 0 [Note] Starting MariaDB 10.4.32-MariaDB source revision c4143f909528e3fab0677a28631d10389354c491 as process 6748
2024-11-20 23:16:55 0 [Note] InnoDB: Mutexes and rw_locks use Windows interlocked functions
2024-11-20 23:16:55 0 [Note] InnoDB: Uses event mutexes
2024-11-20 23:16:55 0 [Note] InnoDB: Compressed tables use zlib 1.3
2024-11-20 23:16:55 0 [Note] InnoDB: Number of pools: 1
2024-11-20 23:16:55 0 [Note] InnoDB: Using SSE2 crc32 instructions
2024-11-20 23:16:56 0 [Note] InnoDB: Initializing buffer pool, total size = 16M, instances = 1, chunk size = 16M
2024-11-20 23:16:56 0 [Note] InnoDB: Completed initialization of buffer pool
2024-11-20 23:16:56 0 [Note] InnoDB: Starting crash recovery from checkpoint LSN=300306
2024-11-20 23:16:56 0 [Note] InnoDB: 128 out of 128 rollback segments are active.
2024-11-20 23:16:56 0 [Note] InnoDB: Removed temporary tablespace data file: "ibtmp1"
2024-11-20 23:16:56 0 [Note] InnoDB: Creating shared tablespace for temporary tables
2024-11-20 23:16:56 0 [Note] InnoDB: Setting file 'C:\xampp1\mysql\data\ibtmp1' size to 12 MB. Physically writing the file full; Please wait ...
2024-11-20 23:16:56 0 [Note] InnoDB: File 'C:\xampp1\mysql\data\ibtmp1' size is now 12 MB.
2024-11-20 23:16:56 0 [Note] InnoDB: Waiting for purge to start
2024-11-20 23:16:56 0 [Note] InnoDB: 10.4.32 started; log sequence number 300315; transaction id 170
2024-11-20 23:16:56 0 [Note] InnoDB: Loading buffer pool(s) from C:\xampp1\mysql\data\ib_buffer_pool
2024-11-20 23:16:56 0 [Note] Plugin 'FEEDBACK' is disabled.
2024-11-20 23:16:56 0 [Note] InnoDB: Buffer pool(s) load completed at 241120 23:16:56
2024-11-20 23:16:56 0 [Note] Server socket created on IP: '::'.
2024-11-20 23:33:17 0 [Note] Starting MariaDB 10.4.32-MariaDB source revision c4143f909528e3fab0677a28631d10389354c491 as process 3844
2024-11-20 23:33:17 0 [Note] InnoDB: Mutexes and rw_locks use Windows interlocked functions
2024-11-20 23:33:17 0 [Note] InnoDB: Uses event mutexes
2024-11-20 23:33:17 0 [Note] InnoDB: Compressed tables use zlib 1.3
2024-11-20 23:33:17 0 [Note] InnoDB: Number of pools: 1
2024-11-20 23:33:17 0 [Note] InnoDB: Using SSE2 crc32 instructions
2024-11-20 23:33:17 0 [Note] InnoDB: Initializing buffer pool, total size = 16M, instances = 1, chunk size = 16M
2024-11-20 23:33:17 0 [Note] InnoDB: Completed initialization of buffer pool
2024-11-20 23:33:17 0 [Note] InnoDB: Starting crash recovery from checkpoint LSN=342036
2024-11-20 23:33:18 0 [Note] InnoDB: 128 out of 128 rollback segments are active.
2024-11-20 23:33:18 0 [Note] InnoDB: Removed temporary tablespace data file: "ibtmp1"
2024-11-20 23:33:18 0 [Note] InnoDB: Creating shared tablespace for temporary tables
2024-11-20 23:33:18 0 [Note] InnoDB: Setting file 'C:\xampp1\mysql\data\ibtmp1' size to 12 MB. Physically writing the file full; Please wait ...
2024-11-20 23:33:18 0 [Note] InnoDB: File 'C:\xampp1\mysql\data\ibtmp1' size is now 12 MB.
2024-11-20 23:33:18 0 [Note] InnoDB: Waiting for purge to start
2024-11-20 23:33:18 0 [Note] InnoDB: 10.4.32 started; log sequence number 342045; transaction id 276
2024-11-20 23:33:18 0 [Note] InnoDB: Loading buffer pool(s) from C:\xampp1\mysql\data\ib_buffer_pool
2024-11-20 23:33:18 0 [Note] Plugin 'FEEDBACK' is disabled.
2024-11-20 23:33:18 0 [Note] Server socket created on IP: '::'.
2024-11-20 23:33:18 0 [Note] InnoDB: Buffer pool(s) load completed at 241120 23:33:18
2024-11-20 23:45:57 0 [Note] Starting MariaDB 10.4.32-MariaDB source revision c4143f909528e3fab0677a28631d10389354c491 as process 16660
2024-11-20 23:45:57 0 [Note] InnoDB: Mutexes and rw_locks use Windows interlocked functions
2024-11-20 23:45:57 0 [Note] InnoDB: Uses event mutexes
2024-11-20 23:45:57 0 [Note] InnoDB: Compressed tables use zlib 1.3
2024-11-20 23:45:57 0 [Note] InnoDB: Number of pools: 1
2024-11-20 23:45:57 0 [Note] InnoDB: Using SSE2 crc32 instructions
2024-11-20 23:45:57 0 [Note] InnoDB: Initializing buffer pool, total size = 16M, instances = 1, chunk size = 16M
2024-11-20 23:45:57 0 [Note] InnoDB: Completed initialization of buffer pool
2024-11-20 23:45:57 0 [Note] InnoDB: Starting crash recovery from checkpoint LSN=350951
2024-11-20 23:45:57 0 [Note] InnoDB: 128 out of 128 rollback segments are active.
2024-11-20 23:45:57 0 [Note] InnoDB: Removed temporary tablespace data file: "ibtmp1"
2024-11-20 23:45:57 0 [Note] InnoDB: Creating shared tablespace for temporary tables
2024-11-20 23:45:57 0 [Note] InnoDB: Setting file 'C:\xampp1\mysql\data\ibtmp1' size to 12 MB. Physically writing the file full; Please wait ...
2024-11-20 23:45:57 0 [Note] InnoDB: File 'C:\xampp1\mysql\data\ibtmp1' size is now 12 MB.
2024-11-20 23:45:57 0 [Note] InnoDB: Waiting for purge to start
2024-11-20 23:45:57 0 [Note] InnoDB: 10.4.32 started; log sequence number 350960; transaction id 328
2024-11-20 23:45:57 0 [Note] InnoDB: Loading buffer pool(s) from C:\xampp1\mysql\data\ib_buffer_pool
2024-11-20 23:45:57 0 [Note] Plugin 'FEEDBACK' is disabled.
2024-11-20 23:45:57 0 [Note] Server socket created on IP: '::'.
2024-11-20 23:48:27 0 [Note] Starting MariaDB 10.4.32-MariaDB source revision c4143f909528e3fab0677a28631d10389354c491 as process 17008
2024-11-20 23:48:27 0 [Note] InnoDB: Mutexes and rw_locks use Windows interlocked functions
2024-11-20 23:48:27 0 [Note] InnoDB: Uses event mutexes
2024-11-20 23:48:27 0 [Note] InnoDB: Compressed tables use zlib 1.3
2024-11-20 23:48:27 0 [Note] InnoDB: Number of pools: 1
2024-11-20 23:48:27 0 [Note] InnoDB: Using SSE2 crc32 instructions
2024-11-20 23:48:27 0 [Note] InnoDB: Initializing buffer pool, total size = 16M, instances = 1, chunk size = 16M
2024-11-20 23:48:27 0 [Note] InnoDB: Completed initialization of buffer pool
2024-11-20 23:48:27 0 [Note] InnoDB: Starting crash recovery from checkpoint LSN=350969
2024-11-20 23:48:27 0 [Note] InnoDB: 128 out of 128 rollback segments are active.
2024-11-20 23:48:27 0 [Note] InnoDB: Removed temporary tablespace data file: "ibtmp1"
2024-11-20 23:48:27 0 [Note] InnoDB: Creating shared tablespace for temporary tables
2024-11-20 23:48:27 0 [Note] InnoDB: Setting file 'C:\xampp1\mysql\data\ibtmp1' size to 12 MB. Physically writing the file full; Please wait ...
2024-11-20 23:48:27 0 [Note] InnoDB: File 'C:\xampp1\mysql\data\ibtmp1' size is now 12 MB.
2024-11-20 23:48:27 0 [Note] InnoDB: Waiting for purge to start
2024-11-20 23:48:27 0 [Note] InnoDB: 10.4.32 started; log sequence number 350978; transaction id 328
2024-11-20 23:48:27 0 [Note] InnoDB: Loading buffer pool(s) from C:\xampp1\mysql\data\ib_buffer_pool
2024-11-20 23:48:27 0 [Note] Plugin 'FEEDBACK' is disabled.
2024-11-20 23:48:27 0 [Note] Server socket created on IP: '::'.
2024-11-20 23:54:17 0 [Note] Starting MariaDB 10.4.32-MariaDB source revision c4143f909528e3fab0677a28631d10389354c491 as process 3400
2024-11-20 23:54:17 0 [Note] InnoDB: Mutexes and rw_locks use Windows interlocked functions
2024-11-20 23:54:17 0 [Note] InnoDB: Uses event mutexes
2024-11-20 23:54:17 0 [Note] InnoDB: Compressed tables use zlib 1.3
2024-11-20 23:54:17 0 [Note] InnoDB: Number of pools: 1
2024-11-20 23:54:17 0 [Note] InnoDB: Using SSE2 crc32 instructions
2024-11-20 23:54:17 0 [Note] InnoDB: Initializing buffer pool, total size = 16M, instances = 1, chunk size = 16M
2024-11-20 23:54:17 0 [Note] InnoDB: Completed initialization of buffer pool
2024-11-20 23:54:17 0 [Note] InnoDB: Starting crash recovery from checkpoint LSN=351494
2024-11-20 23:54:18 0 [Note] InnoDB: 128 out of 128 rollback segments are active.
2024-11-20 23:54:18 0 [Note] InnoDB: Removed temporary tablespace data file: "ibtmp1"
2024-11-20 23:54:18 0 [Note] InnoDB: Creating shared tablespace for temporary tables
2024-11-20 23:54:18 0 [Note] InnoDB: Setting file 'C:\xampp1\mysql\data\ibtmp1' size to 12 MB. Physically writing the file full; Please wait ...
2024-11-20 23:54:18 0 [Note] InnoDB: File 'C:\xampp1\mysql\data\ibtmp1' size is now 12 MB.
2024-11-20 23:54:18 0 [Note] InnoDB: Waiting for purge to start
2024-11-20 23:54:18 0 [Note] InnoDB: 10.4.32 started; log sequence number 351503; transaction id 353
2024-11-20 23:54:18 0 [Note] InnoDB: Loading buffer pool(s) from C:\xampp1\mysql\data\ib_buffer_pool
2024-11-20 23:54:18 0 [Note] Plugin 'FEEDBACK' is disabled.
2024-11-20 23:54:18 0 [Note] Server socket created on IP: '::'.
2024-11-21  0:15:50 0 [Note] Starting MariaDB 10.4.32-MariaDB source revision c4143f909528e3fab0677a28631d10389354c491 as process 10636
2024-11-21  0:15:50 0 [Note] InnoDB: Mutexes and rw_locks use Windows interlocked functions
2024-11-21  0:15:50 0 [Note] InnoDB: Uses event mutexes
2024-11-21  0:15:50 0 [Note] InnoDB: Compressed tables use zlib 1.3
2024-11-21  0:15:50 0 [Note] InnoDB: Number of pools: 1
2024-11-21  0:15:50 0 [Note] InnoDB: Using SSE2 crc32 instructions
2024-11-21  0:15:50 0 [Note] InnoDB: Initializing buffer pool, total size = 16M, instances = 1, chunk size = 16M
2024-11-21  0:15:50 0 [Note] InnoDB: Completed initialization of buffer pool
2024-11-21  0:15:50 0 [Note] InnoDB: Starting crash recovery from checkpoint LSN=354295
2024-11-21  0:15:50 0 [Note] InnoDB: 128 out of 128 rollback segments are active.
2024-11-21  0:15:50 0 [Note] InnoDB: Removed temporary tablespace data file: "ibtmp1"
2024-11-21  0:15:50 0 [Note] InnoDB: Creating shared tablespace for temporary tables
2024-11-21  0:15:50 0 [Note] InnoDB: Setting file 'C:\xampp1\mysql\data\ibtmp1' size to 12 MB. Physically writing the file full; Please wait ...
2024-11-21  0:15:50 0 [Note] InnoDB: File 'C:\xampp1\mysql\data\ibtmp1' size is now 12 MB.
2024-11-21  0:15:50 0 [Note] InnoDB: Waiting for purge to start
2024-11-21  0:15:50 0 [Note] InnoDB: 10.4.32 started; log sequence number 354320; transaction id 389
2024-11-21  0:15:50 0 [Note] InnoDB: Loading buffer pool(s) from C:\xampp1\mysql\data\ib_buffer_pool
2024-11-21  0:15:50 0 [Note] Plugin 'FEEDBACK' is disabled.
2024-11-21  0:15:50 0 [Note] Server socket created on IP: '::'.
2024-11-21 11:01:14 0 [Note] Starting MariaDB 10.4.32-MariaDB source revision c4143f909528e3fab0677a28631d10389354c491 as process 14380
2024-11-21 11:01:14 0 [Note] InnoDB: Mutexes and rw_locks use Windows interlocked functions
2024-11-21 11:01:14 0 [Note] InnoDB: Uses event mutexes
2024-11-21 11:01:14 0 [Note] InnoDB: Compressed tables use zlib 1.3
2024-11-21 11:01:14 0 [Note] InnoDB: Number of pools: 1
2024-11-21 11:01:14 0 [Note] InnoDB: Using SSE2 crc32 instructions
2024-11-21 11:01:14 0 [Note] InnoDB: Initializing buffer pool, total size = 16M, instances = 1, chunk size = 16M
2024-11-21 11:01:14 0 [Note] InnoDB: Completed initialization of buffer pool
2024-11-21 11:01:14 0 [Note] InnoDB: Starting crash recovery from checkpoint LSN=354329
2024-11-21 11:01:15 0 [Note] InnoDB: 128 out of 128 rollback segments are active.
2024-11-21 11:01:15 0 [Note] InnoDB: Removed temporary tablespace data file: "ibtmp1"
2024-11-21 11:01:15 0 [Note] InnoDB: Creating shared tablespace for temporary tables
2024-11-21 11:01:15 0 [Note] InnoDB: Setting file 'C:\xampp1\mysql\data\ibtmp1' size to 12 MB. Physically writing the file full; Please wait ...
2024-11-21 11:01:15 0 [Note] InnoDB: File 'C:\xampp1\mysql\data\ibtmp1' size is now 12 MB.
2024-11-21 11:01:15 0 [Note] InnoDB: Waiting for purge to start
2024-11-21 11:01:15 0 [Note] InnoDB: 10.4.32 started; log sequence number 354338; transaction id 389
2024-11-21 11:01:15 0 [Note] InnoDB: Loading buffer pool(s) from C:\xampp1\mysql\data\ib_buffer_pool
2024-11-21 11:01:15 0 [Note] Plugin 'FEEDBACK' is disabled.
2024-11-21 11:01:15 0 [Note] InnoDB: Buffer pool(s) load completed at 241121 11:01:15
2024-11-21 11:01:15 0 [Note] Server socket created on IP: '::'.
2024-11-21 11:07:17 0 [Note] Starting MariaDB 10.4.32-MariaDB source revision c4143f909528e3fab0677a28631d10389354c491 as process 15940
2024-11-21 11:07:17 0 [Note] InnoDB: Mutexes and rw_locks use Windows interlocked functions
2024-11-21 11:07:17 0 [Note] InnoDB: Uses event mutexes
2024-11-21 11:07:17 0 [Note] InnoDB: Compressed tables use zlib 1.3
2024-11-21 11:07:17 0 [Note] InnoDB: Number of pools: 1
2024-11-21 11:07:17 0 [Note] InnoDB: Using SSE2 crc32 instructions
2024-11-21 11:07:17 0 [Note] InnoDB: Initializing buffer pool, total size = 16M, instances = 1, chunk size = 16M
2024-11-21 11:07:17 0 [Note] InnoDB: Completed initialization of buffer pool
2024-11-21 11:07:17 0 [Note] InnoDB: Starting crash recovery from checkpoint LSN=354347
2024-11-21 11:07:17 0 [Note] InnoDB: 128 out of 128 rollback segments are active.
2024-11-21 11:07:17 0 [Note] InnoDB: Removed temporary tablespace data file: "ibtmp1"
2024-11-21 11:07:17 0 [Note] InnoDB: Creating shared tablespace for temporary tables
2024-11-21 11:07:17 0 [Note] InnoDB: Setting file 'C:\xampp1\mysql\data\ibtmp1' size to 12 MB. Physically writing the file full; Please wait ...
2024-11-21 11:07:17 0 [Note] InnoDB: File 'C:\xampp1\mysql\data\ibtmp1' size is now 12 MB.
2024-11-21 11:07:17 0 [Note] InnoDB: Waiting for purge to start
2024-11-21 11:07:17 0 [Note] InnoDB: 10.4.32 started; log sequence number 354356; transaction id 389
2024-11-21 11:07:17 0 [Note] InnoDB: Loading buffer pool(s) from C:\xampp1\mysql\data\ib_buffer_pool
2024-11-21 11:07:17 0 [Note] Plugin 'FEEDBACK' is disabled.
2024-11-21 11:07:17 0 [Note] Server socket created on IP: '::'.
2024-11-21 12:12:45 0 [Note] Starting MariaDB 10.4.32-MariaDB source revision c4143f909528e3fab0677a28631d10389354c491 as process 16732
2024-11-21 12:12:45 0 [Note] InnoDB: Mutexes and rw_locks use Windows interlocked functions
2024-11-21 12:12:45 0 [Note] InnoDB: Uses event mutexes
2024-11-21 12:12:45 0 [Note] InnoDB: Compressed tables use zlib 1.3
2024-11-21 12:12:45 0 [Note] InnoDB: Number of pools: 1
2024-11-21 12:12:45 0 [Note] InnoDB: Using SSE2 crc32 instructions
2024-11-21 12:12:45 0 [Note] InnoDB: Initializing buffer pool, total size = 16M, instances = 1, chunk size = 16M
2024-11-21 12:12:45 0 [Note] InnoDB: Completed initialization of buffer pool
2024-11-21 12:12:45 0 [Note] InnoDB: Starting crash recovery from checkpoint LSN=354365
2024-11-21 12:12:45 0 [Note] InnoDB: 128 out of 128 rollback segments are active.
2024-11-21 12:12:45 0 [Note] InnoDB: Removed temporary tablespace data file: "ibtmp1"
2024-11-21 12:12:45 0 [Note] InnoDB: Creating shared tablespace for temporary tables
2024-11-21 12:12:45 0 [Note] InnoDB: Setting file 'C:\xampp1\mysql\data\ibtmp1' size to 12 MB. Physically writing the file full; Please wait ...
2024-11-21 12:12:45 0 [Note] InnoDB: File 'C:\xampp1\mysql\data\ibtmp1' size is now 12 MB.
2024-11-21 12:12:45 0 [Note] InnoDB: Waiting for purge to start
2024-11-21 12:12:45 0 [Note] InnoDB: 10.4.32 started; log sequence number 354374; transaction id 389
2024-11-21 12:12:45 0 [Note] InnoDB: Loading buffer pool(s) from C:\xampp1\mysql\data\ib_buffer_pool
2024-11-21 12:12:45 0 [Note] Plugin 'FEEDBACK' is disabled.
2024-11-21 12:12:45 0 [Note] Server socket created on IP: '::'.
2024-11-21 12:12:50 0 [Note] Starting MariaDB 10.4.32-MariaDB source revision c4143f909528e3fab0677a28631d10389354c491 as process 20400
2024-11-21 12:12:50 0 [Note] InnoDB: Mutexes and rw_locks use Windows interlocked functions
2024-11-21 12:12:50 0 [Note] InnoDB: Uses event mutexes
2024-11-21 12:12:50 0 [Note] InnoDB: Compressed tables use zlib 1.3
2024-11-21 12:12:50 0 [Note] InnoDB: Number of pools: 1
2024-11-21 12:12:50 0 [Note] InnoDB: Using SSE2 crc32 instructions
2024-11-21 12:12:50 0 [Note] InnoDB: Initializing buffer pool, total size = 16M, instances = 1, chunk size = 16M
2024-11-21 12:12:50 0 [Note] InnoDB: Completed initialization of buffer pool
2024-11-21 12:12:50 0 [Note] InnoDB: Starting crash recovery from checkpoint LSN=354365
2024-11-21 12:12:50 0 [Note] InnoDB: 128 out of 128 rollback segments are active.
2024-11-21 12:12:50 0 [Note] InnoDB: Removed temporary tablespace data file: "ibtmp1"
2024-11-21 12:12:50 0 [Note] InnoDB: Creating shared tablespace for temporary tables
2024-11-21 12:12:50 0 [Note] InnoDB: Setting file 'C:\xampp1\mysql\data\ibtmp1' size to 12 MB. Physically writing the file full; Please wait ...
2024-11-21 12:12:50 0 [Note] InnoDB: File 'C:\xampp1\mysql\data\ibtmp1' size is now 12 MB.
2024-11-21 12:12:50 0 [Note] InnoDB: Waiting for purge to start
2024-11-21 12:12:50 0 [Note] InnoDB: 10.4.32 started; log sequence number 354374; transaction id 389
2024-11-21 12:12:50 0 [Note] InnoDB: Loading buffer pool(s) from C:\xampp1\mysql\data\ib_buffer_pool
2024-11-21 12:12:50 0 [Note] Plugin 'FEEDBACK' is disabled.
2024-11-21 12:12:50 0 [Note] Server socket created on IP: '::'.
2024-11-21 12:12:52 0 [Note] Starting MariaDB 10.4.32-MariaDB source revision c4143f909528e3fab0677a28631d10389354c491 as process 21168
2024-11-21 12:12:52 0 [Note] InnoDB: Mutexes and rw_locks use Windows interlocked functions
2024-11-21 12:12:52 0 [Note] InnoDB: Uses event mutexes
2024-11-21 12:12:52 0 [Note] InnoDB: Compressed tables use zlib 1.3
2024-11-21 12:12:52 0 [Note] InnoDB: Number of pools: 1
2024-11-21 12:12:52 0 [Note] InnoDB: Using SSE2 crc32 instructions
2024-11-21 12:12:52 0 [Note] InnoDB: Initializing buffer pool, total size = 16M, instances = 1, chunk size = 16M
2024-11-21 12:12:52 0 [Note] InnoDB: Completed initialization of buffer pool
2024-11-21 12:12:52 0 [Note] InnoDB: Starting crash recovery from checkpoint LSN=354365
2024-11-21 12:12:52 0 [Note] InnoDB: 128 out of 128 rollback segments are active.
2024-11-21 12:12:52 0 [Note] InnoDB: Removed temporary tablespace data file: "ibtmp1"
2024-11-21 12:12:52 0 [Note] InnoDB: Creating shared tablespace for temporary tables
2024-11-21 12:12:52 0 [Note] InnoDB: Setting file 'C:\xampp1\mysql\data\ibtmp1' size to 12 MB. Physically writing the file full; Please wait ...
2024-11-21 12:12:52 0 [Note] InnoDB: File 'C:\xampp1\mysql\data\ibtmp1' size is now 12 MB.
2024-11-21 12:12:52 0 [Note] InnoDB: Waiting for purge to start
2024-11-21 12:12:52 0 [Note] InnoDB: 10.4.32 started; log sequence number 354374; transaction id 389
2024-11-21 12:12:52 0 [Note] InnoDB: Loading buffer pool(s) from C:\xampp1\mysql\data\ib_buffer_pool
2024-11-21 12:12:52 0 [Note] Plugin 'FEEDBACK' is disabled.
2024-11-21 12:12:52 0 [Note] Server socket created on IP: '::'.
2024-11-21 17:59:56 0 [Note] Starting MariaDB 10.4.32-MariaDB source revision c4143f909528e3fab0677a28631d10389354c491 as process 14788
2024-11-21 17:59:57 0 [Note] InnoDB: Mutexes and rw_locks use Windows interlocked functions
2024-11-21 17:59:57 0 [Note] InnoDB: Uses event mutexes
2024-11-21 17:59:57 0 [Note] InnoDB: Compressed tables use zlib 1.3
2024-11-21 17:59:57 0 [Note] InnoDB: Number of pools: 1
2024-11-21 17:59:57 0 [Note] InnoDB: Using SSE2 crc32 instructions
2024-11-21 17:59:57 0 [Note] InnoDB: Initializing buffer pool, total size = 16M, instances = 1, chunk size = 16M
2024-11-21 17:59:57 0 [Note] InnoDB: Completed initialization of buffer pool
2024-11-21 17:59:57 0 [Note] InnoDB: Starting crash recovery from checkpoint LSN=359011
2024-11-21 17:59:57 0 [Note] InnoDB: 128 out of 128 rollback segments are active.
2024-11-21 17:59:57 0 [Note] InnoDB: Removed temporary tablespace data file: "ibtmp1"
2024-11-21 17:59:57 0 [Note] InnoDB: Creating shared tablespace for temporary tables
2024-11-21 17:59:57 0 [Note] InnoDB: Setting file 'C:\xampp1\mysql\data\ibtmp1' size to 12 MB. Physically writing the file full; Please wait ...
2024-11-21 17:59:57 0 [Note] InnoDB: File 'C:\xampp1\mysql\data\ibtmp1' size is now 12 MB.
2024-11-21 17:59:57 0 [Note] InnoDB: Waiting for purge to start
2024-11-21 17:59:57 0 [Note] InnoDB: 10.4.32 started; log sequence number 359020; transaction id 411
2024-11-21 17:59:57 0 [Note] InnoDB: Loading buffer pool(s) from C:\xampp1\mysql\data\ib_buffer_pool
2024-11-21 17:59:57 0 [Note] Plugin 'FEEDBACK' is disabled.
2024-11-21 17:59:57 0 [Note] InnoDB: Buffer pool(s) load completed at 241121 17:59:57
2024-11-21 17:59:57 0 [Note] Server socket created on IP: '::'.
2024-12-26  9:46:49 0 [Note] Starting MariaDB 10.4.32-MariaDB source revision c4143f909528e3fab0677a28631d10389354c491 as process 10108
2024-12-26  9:46:49 0 [Note] InnoDB: Mutexes and rw_locks use Windows interlocked functions
2024-12-26  9:46:49 0 [Note] InnoDB: Uses event mutexes
2024-12-26  9:46:49 0 [Note] InnoDB: Compressed tables use zlib 1.3
2024-12-26  9:46:49 0 [Note] InnoDB: Number of pools: 1
2024-12-26  9:46:49 0 [Note] InnoDB: Using SSE2 crc32 instructions
2024-12-26  9:46:49 0 [Note] InnoDB: Initializing buffer pool, total size = 16M, instances = 1, chunk size = 16M
2024-12-26  9:46:49 0 [Note] InnoDB: Completed initialization of buffer pool
2024-12-26  9:46:49 0 [Note] InnoDB: Starting crash recovery from checkpoint LSN=361777
2024-12-26  9:46:49 0 [Note] InnoDB: 128 out of 128 rollback segments are active.
2024-12-26  9:46:49 0 [Note] InnoDB: Removed temporary tablespace data file: "ibtmp1"
2024-12-26  9:46:49 0 [Note] InnoDB: Creating shared tablespace for temporary tables
2024-12-26  9:46:49 0 [Note] InnoDB: Setting file 'C:\xampp1\mysql\data\ibtmp1' size to 12 MB. Physically writing the file full; Please wait ...
2024-12-26  9:46:49 0 [Note] InnoDB: File 'C:\xampp1\mysql\data\ibtmp1' size is now 12 MB.
2024-12-26  9:46:49 0 [Note] InnoDB: Waiting for purge to start
2024-12-26  9:46:49 0 [Note] InnoDB: 10.4.32 started; log sequence number 361786; transaction id 427
2024-12-26  9:46:49 0 [Note] InnoDB: Loading buffer pool(s) from C:\xampp1\mysql\data\ib_buffer_pool
2024-12-26  9:46:49 0 [Note] Plugin 'FEEDBACK' is disabled.
2024-12-26  9:46:49 0 [Note] InnoDB: Buffer pool(s) load completed at 241226  9:46:49
2024-12-26  9:46:49 0 [Note] Server socket created on IP: '::'.
2024-12-26 10:25:33 0 [Note] Starting MariaDB 10.4.32-MariaDB source revision c4143f909528e3fab0677a28631d10389354c491 as process 9092
2024-12-26 10:25:33 0 [Note] InnoDB: Mutexes and rw_locks use Windows interlocked functions
2024-12-26 10:25:33 0 [Note] InnoDB: Uses event mutexes
2024-12-26 10:25:33 0 [Note] InnoDB: Compressed tables use zlib 1.3
2024-12-26 10:25:33 0 [Note] InnoDB: Number of pools: 1
2024-12-26 10:25:33 0 [Note] InnoDB: Using SSE2 crc32 instructions
2024-12-26 10:25:33 0 [Note] InnoDB: Initializing buffer pool, total size = 16M, instances = 1, chunk size = 16M
2024-12-26 10:25:33 0 [Note] InnoDB: Completed initialization of buffer pool
2024-12-26 10:25:33 0 [Note] InnoDB: Starting crash recovery from checkpoint LSN=361795
2024-12-26 10:25:33 0 [Note] InnoDB: 128 out of 128 rollback segments are active.
2024-12-26 10:25:33 0 [Note] InnoDB: Removed temporary tablespace data file: "ibtmp1"
2024-12-26 10:25:33 0 [Note] InnoDB: Creating shared tablespace for temporary tables
2024-12-26 10:25:33 0 [Note] InnoDB: Setting file 'C:\xampp1\mysql\data\ibtmp1' size to 12 MB. Physically writing the file full; Please wait ...
2024-12-26 10:25:33 0 [Note] InnoDB: File 'C:\xampp1\mysql\data\ibtmp1' size is now 12 MB.
2024-12-26 10:25:33 0 [Note] InnoDB: Waiting for purge to start
2024-12-26 10:25:33 0 [Note] InnoDB: 10.4.32 started; log sequence number 361804; transaction id 427
2024-12-26 10:25:34 0 [Note] InnoDB: Loading buffer pool(s) from C:\xampp1\mysql\data\ib_buffer_pool
2024-12-26 10:25:34 0 [Note] Plugin 'FEEDBACK' is disabled.
2024-12-26 10:25:34 0 [Note] Server socket created on IP: '::'.
2024-12-30 10:40:54 0 [Note] Starting MariaDB 10.4.32-MariaDB source revision c4143f909528e3fab0677a28631d10389354c491 as process 8700
2024-12-30 10:40:54 0 [Note] InnoDB: Mutexes and rw_locks use Windows interlocked functions
2024-12-30 10:40:54 0 [Note] InnoDB: Uses event mutexes
2024-12-30 10:40:54 0 [Note] InnoDB: Compressed tables use zlib 1.3
2024-12-30 10:40:54 0 [Note] InnoDB: Number of pools: 1
2024-12-30 10:40:54 0 [Note] InnoDB: Using SSE2 crc32 instructions
2024-12-30 10:40:54 0 [Note] InnoDB: Initializing buffer pool, total size = 16M, instances = 1, chunk size = 16M
2024-12-30 10:40:54 0 [Note] InnoDB: Completed initialization of buffer pool
2024-12-30 10:40:54 0 [Note] InnoDB: Starting crash recovery from checkpoint LSN=361795
2024-12-30 10:40:54 0 [Note] InnoDB: 128 out of 128 rollback segments are active.
2024-12-30 10:40:54 0 [Note] InnoDB: Removed temporary tablespace data file: "ibtmp1"
2024-12-30 10:40:54 0 [Note] InnoDB: Creating shared tablespace for temporary tables
2024-12-30 10:40:54 0 [Note] InnoDB: Setting file 'C:\xampp1\mysql\data\ibtmp1' size to 12 MB. Physically writing the file full; Please wait ...
2024-12-30 10:40:54 0 [Note] InnoDB: File 'C:\xampp1\mysql\data\ibtmp1' size is now 12 MB.
2024-12-30 10:40:54 0 [Note] InnoDB: Waiting for purge to start
2024-12-30 10:40:54 0 [Note] InnoDB: 10.4.32 started; log sequence number 361804; transaction id 427
2024-12-30 10:40:54 0 [Note] InnoDB: Loading buffer pool(s) from C:\xampp1\mysql\data\ib_buffer_pool
2024-12-30 10:40:54 0 [Note] Plugin 'FEEDBACK' is disabled.
2024-12-30 10:40:54 0 [Note] InnoDB: Buffer pool(s) load completed at 241230 10:40:54
2024-12-30 10:40:54 0 [Note] Server socket created on IP: '::'.
2024-12-30 18:44:36 0 [Note] Starting MariaDB 10.4.32-MariaDB source revision c4143f909528e3fab0677a28631d10389354c491 as process 764
2024-12-30 18:44:36 0 [Note] InnoDB: Mutexes and rw_locks use Windows interlocked functions
2024-12-30 18:44:36 0 [Note] InnoDB: Uses event mutexes
2024-12-30 18:44:36 0 [Note] InnoDB: Compressed tables use zlib 1.3
2024-12-30 18:44:36 0 [Note] InnoDB: Number of pools: 1
2024-12-30 18:44:36 0 [Note] InnoDB: Using SSE2 crc32 instructions
2024-12-30 18:44:36 0 [Note] InnoDB: Initializing buffer pool, total size = 16M, instances = 1, chunk size = 16M
2024-12-30 18:44:36 0 [Note] InnoDB: Completed initialization of buffer pool
2024-12-30 18:44:36 0 [Note] InnoDB: Starting crash recovery from checkpoint LSN=361813
2024-12-30 18:44:36 0 [Note] InnoDB: 128 out of 128 rollback segments are active.
2024-12-30 18:44:36 0 [Note] InnoDB: Removed temporary tablespace data file: "ibtmp1"
2024-12-30 18:44:36 0 [Note] InnoDB: Creating shared tablespace for temporary tables
2024-12-30 18:44:36 0 [Note] InnoDB: Setting file 'C:\xampp1\mysql\data\ibtmp1' size to 12 MB. Physically writing the file full; Please wait ...
2024-12-30 18:44:36 0 [Note] InnoDB: File 'C:\xampp1\mysql\data\ibtmp1' size is now 12 MB.
2024-12-30 18:44:36 0 [Note] InnoDB: Waiting for purge to start
2024-12-30 18:44:36 0 [Note] InnoDB: 10.4.32 started; log sequence number 361822; transaction id 427
2024-12-30 18:44:36 0 [Note] InnoDB: Loading buffer pool(s) from C:\xampp1\mysql\data\ib_buffer_pool
2024-12-30 18:44:36 0 [Note] Plugin 'FEEDBACK' is disabled.
2024-12-30 18:44:36 0 [Note] InnoDB: Buffer pool(s) load completed at 241230 18:44:36
2024-12-30 18:44:36 0 [Note] Server socket created on IP: '::'.
2024-12-31 10:59:15 0 [Note] Starting MariaDB 10.4.32-MariaDB source revision c4143f909528e3fab0677a28631d10389354c491 as process 16168
2024-12-31 10:59:15 0 [Note] InnoDB: Mutexes and rw_locks use Windows interlocked functions
2024-12-31 10:59:15 0 [Note] InnoDB: Uses event mutexes
2024-12-31 10:59:15 0 [Note] InnoDB: Compressed tables use zlib 1.3
2024-12-31 10:59:15 0 [Note] InnoDB: Number of pools: 1
2024-12-31 10:59:15 0 [Note] InnoDB: Using SSE2 crc32 instructions
2024-12-31 10:59:15 0 [Note] InnoDB: Initializing buffer pool, total size = 16M, instances = 1, chunk size = 16M
2024-12-31 10:59:15 0 [Note] InnoDB: Completed initialization of buffer pool
2024-12-31 10:59:15 0 [Note] InnoDB: Starting crash recovery from checkpoint LSN=372764
2024-12-31 10:59:15 0 [Note] InnoDB: 128 out of 128 rollback segments are active.
2024-12-31 10:59:15 0 [Note] InnoDB: Removed temporary tablespace data file: "ibtmp1"
2024-12-31 10:59:15 0 [Note] InnoDB: Creating shared tablespace for temporary tables
2024-12-31 10:59:15 0 [Note] InnoDB: Setting file 'C:\xampp1\mysql\data\ibtmp1' size to 12 MB. Physically writing the file full; Please wait ...
2024-12-31 10:59:15 0 [Note] InnoDB: File 'C:\xampp1\mysql\data\ibtmp1' size is now 12 MB.
2024-12-31 10:59:15 0 [Note] InnoDB: Waiting for purge to start
2024-12-31 10:59:15 0 [Note] InnoDB: 10.4.32 started; log sequence number 372773; transaction id 466
2024-12-31 10:59:15 0 [Note] InnoDB: Loading buffer pool(s) from C:\xampp1\mysql\data\ib_buffer_pool
2024-12-31 10:59:15 0 [Note] Plugin 'FEEDBACK' is disabled.
2024-12-31 10:59:15 0 [Note] Server socket created on IP: '::'.
2024-12-31 16:18:29 0 [Note] Starting MariaDB 10.4.32-MariaDB source revision c4143f909528e3fab0677a28631d10389354c491 as process 16980
2024-12-31 16:18:29 0 [Note] InnoDB: Mutexes and rw_locks use Windows interlocked functions
2024-12-31 16:18:29 0 [Note] InnoDB: Uses event mutexes
2024-12-31 16:18:29 0 [Note] InnoDB: Compressed tables use zlib 1.3
2024-12-31 16:18:29 0 [Note] InnoDB: Number of pools: 1
2024-12-31 16:18:29 0 [Note] InnoDB: Using SSE2 crc32 instructions
2024-12-31 16:18:29 0 [Note] InnoDB: Initializing buffer pool, total size = 16M, instances = 1, chunk size = 16M
2024-12-31 16:18:29 0 [Note] InnoDB: Completed initialization of buffer pool
2024-12-31 16:18:29 0 [Note] InnoDB: Starting crash recovery from checkpoint LSN=375194
2024-12-31 16:18:29 0 [Note] InnoDB: 128 out of 128 rollback segments are active.
2024-12-31 16:18:29 0 [Note] InnoDB: Removed temporary tablespace data file: "ibtmp1"
2024-12-31 16:18:29 0 [Note] InnoDB: Creating shared tablespace for temporary tables
2024-12-31 16:18:29 0 [Note] InnoDB: Setting file 'C:\xampp1\mysql\data\ibtmp1' size to 12 MB. Physically writing the file full; Please wait ...
2024-12-31 16:18:29 0 [Note] InnoDB: File 'C:\xampp1\mysql\data\ibtmp1' size is now 12 MB.
2024-12-31 16:18:29 0 [Note] InnoDB: Waiting for purge to start
2024-12-31 16:18:29 0 [Note] InnoDB: 10.4.32 started; log sequence number 375203; transaction id 477
2024-12-31 16:18:29 0 [Note] InnoDB: Loading buffer pool(s) from C:\xampp1\mysql\data\ib_buffer_pool
2024-12-31 16:18:29 0 [Note] Plugin 'FEEDBACK' is disabled.
2024-12-31 16:18:29 0 [Note] Server socket created on IP: '::'.
2025-01-03 10:39:00 0 [Note] Starting MariaDB 10.4.32-MariaDB source revision c4143f909528e3fab0677a28631d10389354c491 as process 16488
2025-01-03 10:39:00 0 [Note] InnoDB: Mutexes and rw_locks use Windows interlocked functions
2025-01-03 10:39:00 0 [Note] InnoDB: Uses event mutexes
2025-01-03 10:39:00 0 [Note] InnoDB: Compressed tables use zlib 1.3
2025-01-03 10:39:00 0 [Note] InnoDB: Number of pools: 1
2025-01-03 10:39:00 0 [Note] InnoDB: Using SSE2 crc32 instructions
2025-01-03 10:39:00 0 [Note] InnoDB: Initializing buffer pool, total size = 16M, instances = 1, chunk size = 16M
2025-01-03 10:39:00 0 [Note] InnoDB: Completed initialization of buffer pool
2025-01-03 10:39:00 0 [Note] InnoDB: Starting crash recovery from checkpoint LSN=401990
2025-01-03 10:39:00 0 [Note] InnoDB: 128 out of 128 rollback segments are active.
2025-01-03 10:39:00 0 [Note] InnoDB: Removed temporary tablespace data file: "ibtmp1"
2025-01-03 10:39:00 0 [Note] InnoDB: Creating shared tablespace for temporary tables
2025-01-03 10:39:00 0 [Note] InnoDB: Setting file 'C:\xampp1\mysql\data\ibtmp1' size to 12 MB. Physically writing the file full; Please wait ...
2025-01-03 10:39:00 0 [Note] InnoDB: File 'C:\xampp1\mysql\data\ibtmp1' size is now 12 MB.
2025-01-03 10:39:00 0 [Note] InnoDB: Waiting for purge to start
2025-01-03 10:39:00 0 [Note] InnoDB: 10.4.32 started; log sequence number 401999; transaction id 520
2025-01-03 10:39:00 0 [Note] InnoDB: Loading buffer pool(s) from C:\xampp1\mysql\data\ib_buffer_pool
2025-01-03 10:39:00 0 [Note] Plugin 'FEEDBACK' is disabled.
2025-01-03 10:39:00 0 [Note] InnoDB: Buffer pool(s) load completed at 250103 10:39:00
2025-01-03 10:39:01 0 [Note] Server socket created on IP: '::'.
2025-01-03 14:54:15 0 [Note] Starting MariaDB 10.4.32-MariaDB source revision c4143f909528e3fab0677a28631d10389354c491 as process 9368
2025-01-03 14:54:15 0 [Note] InnoDB: Mutexes and rw_locks use Windows interlocked functions
2025-01-03 14:54:15 0 [Note] InnoDB: Uses event mutexes
2025-01-03 14:54:15 0 [Note] InnoDB: Compressed tables use zlib 1.3
2025-01-03 14:54:15 0 [Note] InnoDB: Number of pools: 1
2025-01-03 14:54:15 0 [Note] InnoDB: Using SSE2 crc32 instructions
2025-01-03 14:54:15 0 [Note] InnoDB: Initializing buffer pool, total size = 16M, instances = 1, chunk size = 16M
2025-01-03 14:54:15 0 [Note] InnoDB: Completed initialization of buffer pool
2025-01-03 14:54:15 0 [Note] InnoDB: Starting crash recovery from checkpoint LSN=462939
2025-01-03 14:54:15 0 [Note] InnoDB: 128 out of 128 rollback segments are active.
2025-01-03 14:54:15 0 [Note] InnoDB: Removed temporary tablespace data file: "ibtmp1"
2025-01-03 14:54:15 0 [Note] InnoDB: Creating shared tablespace for temporary tables
2025-01-03 14:54:15 0 [Note] InnoDB: Setting file 'C:\xampp1\mysql\data\ibtmp1' size to 12 MB. Physically writing the file full; Please wait ...
2025-01-03 14:54:15 0 [Note] InnoDB: File 'C:\xampp1\mysql\data\ibtmp1' size is now 12 MB.
2025-01-03 14:54:15 0 [Note] InnoDB: Waiting for purge to start
2025-01-03 14:54:15 0 [Note] InnoDB: 10.4.32 started; log sequence number 462948; transaction id 667
2025-01-03 14:54:15 0 [Note] InnoDB: Loading buffer pool(s) from C:\xampp1\mysql\data\ib_buffer_pool
2025-01-03 14:54:15 0 [Note] Plugin 'FEEDBACK' is disabled.
2025-01-03 14:54:15 0 [Note] InnoDB: Buffer pool(s) load completed at 250103 14:54:15
2025-01-03 14:54:15 0 [Note] Server socket created on IP: '::'.
2025-01-06 15:54:03 0 [Note] Starting MariaDB 10.4.32-MariaDB source revision c4143f909528e3fab0677a28631d10389354c491 as process 15568
2025-01-06 15:54:03 0 [Note] InnoDB: Mutexes and rw_locks use Windows interlocked functions
2025-01-06 15:54:03 0 [Note] InnoDB: Uses event mutexes
2025-01-06 15:54:03 0 [Note] InnoDB: Compressed tables use zlib 1.3
2025-01-06 15:54:03 0 [Note] InnoDB: Number of pools: 1
2025-01-06 15:54:03 0 [Note] InnoDB: Using SSE2 crc32 instructions
2025-01-06 15:54:03 0 [Note] InnoDB: Initializing buffer pool, total size = 16M, instances = 1, chunk size = 16M
2025-01-06 15:54:03 0 [Note] InnoDB: Completed initialization of buffer pool
2025-01-06 15:54:03 0 [Note] InnoDB: Starting crash recovery from checkpoint LSN=466792
2025-01-06 15:54:03 0 [Note] InnoDB: 128 out of 128 rollback segments are active.
2025-01-06 15:54:03 0 [Note] InnoDB: Removed temporary tablespace data file: "ibtmp1"
2025-01-06 15:54:03 0 [Note] InnoDB: Creating shared tablespace for temporary tables
2025-01-06 15:54:03 0 [Note] InnoDB: Setting file 'C:\xampp1\mysql\data\ibtmp1' size to 12 MB. Physically writing the file full; Please wait ...
2025-01-06 15:54:03 0 [Note] InnoDB: File 'C:\xampp1\mysql\data\ibtmp1' size is now 12 MB.
2025-01-06 15:54:03 0 [Note] InnoDB: Waiting for purge to start
2025-01-06 15:54:03 0 [Note] InnoDB: 10.4.32 started; log sequence number 466801; transaction id 680
2025-01-06 15:54:03 0 [Note] InnoDB: Loading buffer pool(s) from C:\xampp1\mysql\data\ib_buffer_pool
2025-01-06 15:54:03 0 [Note] Plugin 'FEEDBACK' is disabled.
2025-01-06 15:54:03 0 [Note] InnoDB: Buffer pool(s) load completed at 250106 15:54:03
2025-01-06 15:54:03 0 [Note] Server socket created on IP: '::'.
2025-01-11 12:09:33 0 [Note] Starting MariaDB 10.4.32-MariaDB source revision c4143f909528e3fab0677a28631d10389354c491 as process 17608
2025-01-11 12:09:33 0 [Note] InnoDB: Mutexes and rw_locks use Windows interlocked functions
2025-01-11 12:09:33 0 [Note] InnoDB: Uses event mutexes
2025-01-11 12:09:33 0 [Note] InnoDB: Compressed tables use zlib 1.3
2025-01-11 12:09:33 0 [Note] InnoDB: Number of pools: 1
2025-01-11 12:09:33 0 [Note] InnoDB: Using SSE2 crc32 instructions
2025-01-11 12:09:33 0 [Note] InnoDB: Initializing buffer pool, total size = 16M, instances = 1, chunk size = 16M
2025-01-11 12:09:33 0 [Note] InnoDB: Completed initialization of buffer pool
2025-01-11 12:09:33 0 [Note] InnoDB: Starting crash recovery from checkpoint LSN=487661
2025-01-11 12:09:34 0 [Note] InnoDB: 128 out of 128 rollback segments are active.
2025-01-11 12:09:34 0 [Note] InnoDB: Removed temporary tablespace data file: "ibtmp1"
2025-01-11 12:09:34 0 [Note] InnoDB: Creating shared tablespace for temporary tables
2025-01-11 12:09:34 0 [Note] InnoDB: Setting file 'C:\xampp1\mysql\data\ibtmp1' size to 12 MB. Physically writing the file full; Please wait ...
2025-01-11 12:09:34 0 [Note] InnoDB: File 'C:\xampp1\mysql\data\ibtmp1' size is now 12 MB.
2025-01-11 12:09:34 0 [Note] InnoDB: Waiting for purge to start
2025-01-11 12:09:34 0 [Note] InnoDB: 10.4.32 started; log sequence number 487670; transaction id 729
2025-01-11 12:09:34 0 [Note] InnoDB: Loading buffer pool(s) from C:\xampp1\mysql\data\ib_buffer_pool
2025-01-11 12:09:34 0 [Note] Plugin 'FEEDBACK' is disabled.
2025-01-11 12:09:34 0 [Note] InnoDB: Buffer pool(s) load completed at 250111 12:09:34
2025-01-11 12:09:34 0 [Note] Server socket created on IP: '::'.
2025-01-13 20:08:01 0 [Note] Starting MariaDB 10.4.32-MariaDB source revision c4143f909528e3fab0677a28631d10389354c491 as process 20488
2025-01-13 20:08:01 0 [Note] InnoDB: Mutexes and rw_locks use Windows interlocked functions
2025-01-13 20:08:01 0 [Note] InnoDB: Uses event mutexes
2025-01-13 20:08:01 0 [Note] InnoDB: Compressed tables use zlib 1.3
2025-01-13 20:08:01 0 [Note] InnoDB: Number of pools: 1
2025-01-13 20:08:01 0 [Note] InnoDB: Using SSE2 crc32 instructions
2025-01-13 20:08:01 0 [Note] InnoDB: Initializing buffer pool, total size = 16M, instances = 1, chunk size = 16M
2025-01-13 20:08:01 0 [Note] InnoDB: Completed initialization of buffer pool
2025-01-13 20:08:01 0 [Note] InnoDB: Starting crash recovery from checkpoint LSN=487679
2025-01-13 20:08:02 0 [Note] InnoDB: 128 out of 128 rollback segments are active.
2025-01-13 20:08:02 0 [Note] InnoDB: Removed temporary tablespace data file: "ibtmp1"
2025-01-13 20:08:02 0 [Note] InnoDB: Creating shared tablespace for temporary tables
2025-01-13 20:08:02 0 [Note] InnoDB: Setting file 'C:\xampp1\mysql\data\ibtmp1' size to 12 MB. Physically writing the file full; Please wait ...
2025-01-13 20:08:02 0 [Note] InnoDB: File 'C:\xampp1\mysql\data\ibtmp1' size is now 12 MB.
2025-01-13 20:08:02 0 [Note] InnoDB: Waiting for purge to start
2025-01-13 20:08:02 0 [Note] InnoDB: 10.4.32 started; log sequence number 487688; transaction id 729
2025-01-13 20:08:02 0 [Note] InnoDB: Loading buffer pool(s) from C:\xampp1\mysql\data\ib_buffer_pool
2025-01-13 20:08:02 0 [Note] Plugin 'FEEDBACK' is disabled.
2025-01-13 20:08:02 0 [Note] InnoDB: Buffer pool(s) load completed at 250113 20:08:02
2025-01-13 20:08:02 0 [Note] Server socket created on IP: '::'.
2025-01-13 20:08:44 0 [Note] Starting MariaDB 10.4.32-MariaDB source revision c4143f909528e3fab0677a28631d10389354c491 as process 12464
2025-01-13 20:08:44 0 [Note] InnoDB: Mutexes and rw_locks use Windows interlocked functions
2025-01-13 20:08:44 0 [Note] InnoDB: Uses event mutexes
2025-01-13 20:08:44 0 [Note] InnoDB: Compressed tables use zlib 1.3
2025-01-13 20:08:44 0 [Note] InnoDB: Number of pools: 1
2025-01-13 20:08:44 0 [Note] InnoDB: Using SSE2 crc32 instructions
2025-01-13 20:08:44 0 [Note] InnoDB: Initializing buffer pool, total size = 16M, instances = 1, chunk size = 16M
2025-01-13 20:08:44 0 [Note] InnoDB: Completed initialization of buffer pool
2025-01-13 20:08:44 0 [Note] InnoDB: Starting crash recovery from checkpoint LSN=487679
2025-01-13 20:08:44 0 [Note] InnoDB: 128 out of 128 rollback segments are active.
2025-01-13 20:08:44 0 [Note] InnoDB: Removed temporary tablespace data file: "ibtmp1"
2025-01-13 20:08:44 0 [Note] InnoDB: Creating shared tablespace for temporary tables
2025-01-13 20:08:44 0 [Note] InnoDB: Setting file 'C:\xampp1\mysql\data\ibtmp1' size to 12 MB. Physically writing the file full; Please wait ...
2025-01-13 20:08:44 0 [Note] InnoDB: File 'C:\xampp1\mysql\data\ibtmp1' size is now 12 MB.
2025-01-13 20:08:44 0 [Note] InnoDB: Waiting for purge to start
2025-01-13 20:08:44 0 [Note] InnoDB: 10.4.32 started; log sequence number 487688; transaction id 729
2025-01-13 20:08:44 0 [Note] InnoDB: Loading buffer pool(s) from C:\xampp1\mysql\data\ib_buffer_pool
2025-01-13 20:08:44 0 [Note] Plugin 'FEEDBACK' is disabled.
2025-01-13 20:08:44 0 [Note] Server socket created on IP: '::'.
2025-01-13 20:08:44 0 [Note] InnoDB: Buffer pool(s) load completed at 250113 20:08:44
2025-01-27 10:52:01 0 [Note] Starting MariaDB 10.4.32-MariaDB source revision c4143f909528e3fab0677a28631d10389354c491 as process 13104
2025-01-27 10:52:01 0 [Note] InnoDB: Mutexes and rw_locks use Windows interlocked functions
2025-01-27 10:52:01 0 [Note] InnoDB: Uses event mutexes
2025-01-27 10:52:01 0 [Note] InnoDB: Compressed tables use zlib 1.3
2025-01-27 10:52:01 0 [Note] InnoDB: Number of pools: 1
2025-01-27 10:52:01 0 [Note] InnoDB: Using SSE2 crc32 instructions
2025-01-27 10:52:01 0 [Note] InnoDB: Initializing buffer pool, total size = 16M, instances = 1, chunk size = 16M
2025-01-27 10:52:01 0 [Note] InnoDB: Completed initialization of buffer pool
2025-01-27 10:52:01 0 [Note] InnoDB: Starting crash recovery from checkpoint LSN=503476
2025-01-27 10:52:01 0 [Note] InnoDB: 128 out of 128 rollback segments are active.
2025-01-27 10:52:01 0 [Note] InnoDB: Removed temporary tablespace data file: "ibtmp1"
2025-01-27 10:52:01 0 [Note] InnoDB: Creating shared tablespace for temporary tables
2025-01-27 10:52:01 0 [Note] InnoDB: Setting file 'C:\xampp1\mysql\data\ibtmp1' size to 12 MB. Physically writing the file full; Please wait ...
2025-01-27 10:52:01 0 [Note] InnoDB: File 'C:\xampp1\mysql\data\ibtmp1' size is now 12 MB.
2025-01-27 10:52:01 0 [Note] InnoDB: Waiting for purge to start
2025-01-27 10:52:01 0 [Note] InnoDB: 10.4.32 started; log sequence number 503485; transaction id 766
2025-01-27 10:52:01 0 [Note] InnoDB: Loading buffer pool(s) from C:\xampp1\mysql\data\ib_buffer_pool
2025-01-27 10:52:01 0 [Note] Plugin 'FEEDBACK' is disabled.
2025-01-27 10:52:01 0 [Note] InnoDB: Buffer pool(s) load completed at 250127 10:52:01
2025-01-27 10:52:02 0 [Note] Server socket created on IP: '::'.
2025-01-28 13:35:58 0 [Note] Starting MariaDB 10.4.32-MariaDB source revision c4143f909528e3fab0677a28631d10389354c491 as process 6972
2025-01-28 13:35:58 0 [Note] InnoDB: Mutexes and rw_locks use Windows interlocked functions
2025-01-28 13:35:58 0 [Note] InnoDB: Uses event mutexes
2025-01-28 13:35:58 0 [Note] InnoDB: Compressed tables use zlib 1.3
2025-01-28 13:35:58 0 [Note] InnoDB: Number of pools: 1
2025-01-28 13:35:58 0 [Note] InnoDB: Using SSE2 crc32 instructions
2025-01-28 13:35:58 0 [Note] InnoDB: Initializing buffer pool, total size = 16M, instances = 1, chunk size = 16M
2025-01-28 13:35:58 0 [Note] InnoDB: Completed initialization of buffer pool
2025-01-28 13:35:58 0 [Note] InnoDB: Starting crash recovery from checkpoint LSN=510348
2025-01-28 13:35:59 0 [Note] InnoDB: 128 out of 128 rollback segments are active.
2025-01-28 13:35:59 0 [Note] InnoDB: Removed temporary tablespace data file: "ibtmp1"
2025-01-28 13:35:59 0 [Note] InnoDB: Creating shared tablespace for temporary tables
2025-01-28 13:35:59 0 [Note] InnoDB: Setting file 'C:\xampp1\mysql\data\ibtmp1' size to 12 MB. Physically writing the file full; Please wait ...
2025-01-28 13:35:59 0 [Note] InnoDB: File 'C:\xampp1\mysql\data\ibtmp1' size is now 12 MB.
2025-01-28 13:35:59 0 [Note] InnoDB: Waiting for purge to start
2025-01-28 13:35:59 0 [Note] InnoDB: 10.4.32 started; log sequence number 510357; transaction id 789
2025-01-28 13:35:59 0 [Note] InnoDB: Loading buffer pool(s) from C:\xampp1\mysql\data\ib_buffer_pool
2025-01-28 13:35:59 0 [Note] Plugin 'FEEDBACK' is disabled.
2025-01-28 13:35:59 0 [Note] InnoDB: Buffer pool(s) load completed at 250128 13:35:59
2025-01-28 13:35:59 0 [Note] Server socket created on IP: '::'.
2025-02-01 19:57:51 0 [Note] Starting MariaDB 10.4.32-MariaDB source revision c4143f909528e3fab0677a28631d10389354c491 as process 8248
2025-02-01 19:57:51 0 [Note] InnoDB: Mutexes and rw_locks use Windows interlocked functions
2025-02-01 19:57:51 0 [Note] InnoDB: Uses event mutexes
2025-02-01 19:57:51 0 [Note] InnoDB: Compressed tables use zlib 1.3
2025-02-01 19:57:51 0 [Note] InnoDB: Number of pools: 1
2025-02-01 19:57:51 0 [Note] InnoDB: Using SSE2 crc32 instructions
2025-02-01 19:57:51 0 [Note] InnoDB: Initializing buffer pool, total size = 16M, instances = 1, chunk size = 16M
2025-02-01 19:57:51 0 [Note] InnoDB: Completed initialization of buffer pool
2025-02-01 19:57:51 0 [Note] InnoDB: Starting crash recovery from checkpoint LSN=510770
2025-02-01 19:57:51 0 [Note] InnoDB: 128 out of 128 rollback segments are active.
2025-02-01 19:57:51 0 [Note] InnoDB: Removed temporary tablespace data file: "ibtmp1"
2025-02-01 19:57:51 0 [Note] InnoDB: Creating shared tablespace for temporary tables
2025-02-01 19:57:51 0 [Note] InnoDB: Setting file 'C:\xampp1\mysql\data\ibtmp1' size to 12 MB. Physically writing the file full; Please wait ...
2025-02-01 19:57:51 0 [Note] InnoDB: File 'C:\xampp1\mysql\data\ibtmp1' size is now 12 MB.
2025-02-01 19:57:51 0 [Note] InnoDB: Waiting for purge to start
2025-02-01 19:57:51 0 [Note] InnoDB: 10.4.32 started; log sequence number 510779; transaction id 795
2025-02-01 19:57:51 0 [Note] InnoDB: Loading buffer pool(s) from C:\xampp1\mysql\data\ib_buffer_pool
2025-02-01 19:57:51 0 [Note] Plugin 'FEEDBACK' is disabled.
2025-02-01 19:57:51 0 [Note] InnoDB: Buffer pool(s) load completed at 250201 19:57:51
2025-02-01 19:57:51 0 [Note] Server socket created on IP: '::'.
2025-02-09 15:24:20 0 [Note] Starting MariaDB 10.4.32-MariaDB source revision c4143f909528e3fab0677a28631d10389354c491 as process 12272
2025-02-09 15:24:20 0 [Note] InnoDB: Mutexes and rw_locks use Windows interlocked functions
2025-02-09 15:24:20 0 [Note] InnoDB: Uses event mutexes
2025-02-09 15:24:20 0 [Note] InnoDB: Compressed tables use zlib 1.3
2025-02-09 15:24:20 0 [Note] InnoDB: Number of pools: 1
2025-02-09 15:24:20 0 [Note] InnoDB: Using SSE2 crc32 instructions
2025-02-09 15:24:20 0 [Note] InnoDB: Initializing buffer pool, total size = 16M, instances = 1, chunk size = 16M
2025-02-09 15:24:20 0 [Note] InnoDB: Completed initialization of buffer pool
2025-02-09 15:24:20 0 [Note] InnoDB: Starting crash recovery from checkpoint LSN=510788
2025-02-09 15:24:21 0 [Note] InnoDB: 128 out of 128 rollback segments are active.
2025-02-09 15:24:21 0 [Note] InnoDB: Removed temporary tablespace data file: "ibtmp1"
2025-02-09 15:24:21 0 [Note] InnoDB: Creating shared tablespace for temporary tables
2025-02-09 15:24:21 0 [Note] InnoDB: Setting file 'C:\xampp1\mysql\data\ibtmp1' size to 12 MB. Physically writing the file full; Please wait ...
2025-02-09 15:24:21 0 [Note] InnoDB: File 'C:\xampp1\mysql\data\ibtmp1' size is now 12 MB.
2025-02-09 15:24:21 0 [Note] InnoDB: Waiting for purge to start
2025-02-09 15:24:21 0 [Note] InnoDB: 10.4.32 started; log sequence number 510797; transaction id 795
2025-02-09 15:24:21 0 [Note] InnoDB: Loading buffer pool(s) from C:\xampp1\mysql\data\ib_buffer_pool
2025-02-09 15:24:21 0 [Note] Plugin 'FEEDBACK' is disabled.
2025-02-09 15:24:21 0 [Note] InnoDB: Buffer pool(s) load completed at 250209 15:24:21
2025-02-09 15:24:21 0 [Note] Server socket created on IP: '::'.
2025-02-09 22:15:03 0 [Note] Starting MariaDB 10.4.32-MariaDB source revision c4143f909528e3fab0677a28631d10389354c491 as process 20444
2025-02-09 22:15:03 0 [Note] InnoDB: Mutexes and rw_locks use Windows interlocked functions
2025-02-09 22:15:03 0 [Note] InnoDB: Uses event mutexes
2025-02-09 22:15:03 0 [Note] InnoDB: Compressed tables use zlib 1.3
2025-02-09 22:15:03 0 [Note] InnoDB: Number of pools: 1
2025-02-09 22:15:03 0 [Note] InnoDB: Using SSE2 crc32 instructions
2025-02-09 22:15:03 0 [Note] InnoDB: Initializing buffer pool, total size = 16M, instances = 1, chunk size = 16M
2025-02-09 22:15:03 0 [Note] InnoDB: Completed initialization of buffer pool
2025-02-09 22:15:03 0 [Note] InnoDB: Starting crash recovery from checkpoint LSN=511635
2025-02-09 22:15:04 0 [Note] InnoDB: 128 out of 128 rollback segments are active.
2025-02-09 22:15:04 0 [Note] InnoDB: Removed temporary tablespace data file: "ibtmp1"
2025-02-09 22:15:04 0 [Note] InnoDB: Creating shared tablespace for temporary tables
2025-02-09 22:15:04 0 [Note] InnoDB: Setting file 'C:\xampp1\mysql\data\ibtmp1' size to 12 MB. Physically writing the file full; Please wait ...
2025-02-09 22:15:04 0 [Note] InnoDB: File 'C:\xampp1\mysql\data\ibtmp1' size is now 12 MB.
2025-02-09 22:15:04 0 [Note] InnoDB: Waiting for purge to start
2025-02-09 22:15:04 0 [Note] InnoDB: 10.4.32 started; log sequence number 511644; transaction id 803
2025-02-09 22:15:04 0 [Note] InnoDB: Loading buffer pool(s) from C:\xampp1\mysql\data\ib_buffer_pool
2025-02-09 22:15:04 0 [Note] Plugin 'FEEDBACK' is disabled.
2025-02-09 22:15:04 0 [Note] Server socket created on IP: '::'.
2025-02-09 22:15:04 0 [Note] InnoDB: Buffer pool(s) load completed at 250209 22:15:04
